[2026-03-05 14:29:27] DEBUG projet_fil_rouge.clinique.modele.environnement Robot Ambu-1 ajouté à (100, 100)
[2026-03-05 14:29:27] DEBUG projet_fil_rouge.clinique.modele.environnement Robot R-1 ajouté à (200, 200)
[2026-03-05 14:29:27] INFO Simulation Début de la simulation (10 itérations)
[2026-03-05 14:29:27] DEBUG Simulation Itération 1 | Ambu-1 Pos: (100.00, 100.00) - Vitesse: 0.05
[2026-03-05 14:29:27] DEBUG Simulation Itération 2 | Ambu-1 Pos: (100.01, 100.00) - Vitesse: 0.10
[2026-03-05 14:29:27] DEBUG Simulation Itération 3 | Ambu-1 Pos: (100.03, 100.00) - Vitesse: 0.15
[2026-03-05 14:29:27] DEBUG Simulation Itération 4 | Ambu-1 Pos: (100.05, 100.00) - Vitesse: 0.20
[2026-03-05 14:29:27] DEBUG Simulation Itération 5 | Ambu-1 Pos: (100.07, 100.00) - Vitesse: 0.24
[2026-03-05 14:29:27] DEBUG Simulation Itération 6 | Ambu-1 Pos: (100.10, 100.00) - Vitesse: 0.29
[2026-03-05 14:29:27] DEBUG Simulation Itération 7 | Ambu-1 Pos: (100.14, 100.00) - Vitesse: 0.34
[2026-03-05 14:29:27] DEBUG Simulation Itération 8 | Ambu-1 Pos: (100.17, 100.00) - Vitesse: 0.38
[2026-03-05 14:29:27] DEBUG Simulation Itération 9 | Ambu-1 Pos: (100.22, 100.00) - Vitesse: 0.43
[2026-03-05 14:29:27] DEBUG Simulation Itération 10 | Ambu-1 Pos: (100.26, 100.00) - Vitesse: 0.47
[2026-03-05 14:37:41] DEBUG projet_fil_rouge.clinique.modele.environnement Robot Ambu-1 ajouté à (400, 300)
[2026-03-05 14:37:41] DEBUG projet_fil_rouge.clinique.modele.environnement Robot R-1 ajouté à (100, 100)
[2026-03-05 14:37:41] DEBUG projet_fil_rouge.clinique.modele.environnement Robot R-2 ajouté à (250, 100)
[2026-03-05 14:37:41] DEBUG projet_fil_rouge.clinique.modele.environnement Robot R-3 ajouté à (400, 100)
[2026-03-05 14:37:44] INFO Simulation Démarrage de la boucle graphique.
[2026-03-05 14:38:10] INFO Simulation Fin de la simulation.
[2026-03-05 14:49:34] DEBUG projet_fil_rouge.clinique.modele.environnement Robot Ambu-1 ajouté à (400, 300)
[2026-03-05 14:49:34] DEBUG projet_fil_rouge.clinique.modele.environnement Robot R-1 ajouté à (100, 100)
[2026-03-05 14:49:34] DEBUG projet_fil_rouge.clinique.modele.environnement Robot R-2 ajouté à (250, 100)
[2026-03-05 14:49:34] DEBUG projet_fil_rouge.clinique.modele.environnement Robot R-3 ajouté à (400, 100)
[2026-03-05 14:49:36] INFO Simulation Démarrage de la boucle graphique.
[2026-03-05 14:51:35] INFO Simulation Fin de la simulation.
[2026-03-05 14:57:59] DEBUG projet_fil_rouge.clinique.modele.environnement Robot Ambu-1 ajouté à (100, 150)
[2026-03-05 14:57:59] DEBUG projet_fil_rouge.clinique.modele.environnement Robot R-1 ajouté à (100, 500)
[2026-03-05 14:57:59] DEBUG projet_fil_rouge.clinique.modele.environnement Robot R-2 ajouté à (250, 500)
[2026-03-05 14:57:59] DEBUG projet_fil_rouge.clinique.modele.environnement Robot R-3 ajouté à (400, 500)
[2026-03-05 14:57:59] INFO Simulation Démarrage de la boucle graphique.
[2026-03-05 14:58:40] INFO Simulation Fin de la simulation.
[2026-03-05 15:03:08] DEBUG projet_fil_rouge.clinique.modele.environnement Robot Ambu-1 ajouté à (100, 150)
[2026-03-05 15:03:08] DEBUG projet_fil_rouge.clinique.modele.environnement Robot R-1 ajouté à (100, 500)
[2026-03-05 15:03:08] DEBUG projet_fil_rouge.clinique.modele.environnement Robot R-2 ajouté à (250, 500)
[2026-03-05 15:03:08] DEBUG projet_fil_rouge.clinique.modele.environnement Robot R-3 ajouté à (400, 500)
[2026-03-05 15:03:09] INFO Simulation Démarrage de la boucle graphique.
[2026-03-05 15:03:30] INFO Simulation Fin de la simulation.
[2026-03-05 15:04:00] DEBUG projet_fil_rouge.clinique.modele.environnement Robot Ambu-1 ajouté à (100, 150)
[2026-03-05 15:04:00] DEBUG projet_fil_rouge.clinique.modele.environnement Robot R-1 ajouté à (100, 500)
[2026-03-05 15:04:00] DEBUG projet_fil_rouge.clinique.modele.environnement Robot R-2 ajouté à (250, 500)
[2026-03-05 15:04:00] DEBUG projet_fil_rouge.clinique.modele.environnement Robot R-3 ajouté à (400, 500)
[2026-03-05 15:04:01] INFO Simulation Démarrage de la boucle graphique.
[2026-03-05 15:04:10] INFO Simulation Fin de la simulation.
[2026-03-05 15:04:18] DEBUG projet_fil_rouge.clinique.modele.environnement Robot Ambu-1 ajouté à (100, 150)
[2026-03-05 15:04:18] DEBUG projet_fil_rouge.clinique.modele.environnement Robot R-1 ajouté à (100, 500)
[2026-03-05 15:04:18] DEBUG projet_fil_rouge.clinique.modele.environnement Robot R-2 ajouté à (250, 500)
[2026-03-05 15:04:18] DEBUG projet_fil_rouge.clinique.modele.environnement Robot R-3 ajouté à (400, 500)
[2026-03-05 15:04:18] INFO Simulation Démarrage de la boucle graphique.
[2026-03-05 15:04:23] INFO Simulation Fin de la simulation.
[2026-03-05 15:04:50] DEBUG projet_fil_rouge.clinique.modele.environnement Robot Ambu-1 ajouté à (100, 150)
[2026-03-05 15:04:50] DEBUG projet_fil_rouge.clinique.modele.environnement Robot R-1 ajouté à (100, 500)
[2026-03-05 15:04:50] DEBUG projet_fil_rouge.clinique.modele.environnement Robot R-2 ajouté à (250, 500)
[2026-03-05 15:04:50] DEBUG projet_fil_rouge.clinique.modele.environnement Robot R-3 ajouté à (400, 500)
[2026-03-05 15:04:51] INFO Simulation Démarrage de la boucle graphique.
[2026-03-05 15:04:54] INFO Simulation Fin de la simulation.
[2026-03-05 15:05:18] DEBUG projet_fil_rouge.clinique.modele.environnement Robot Ambu-1 ajouté à (100, 150)
[2026-03-05 15:05:18] DEBUG projet_fil_rouge.clinique.modele.environnement Robot R-1 ajouté à (100, 500)
[2026-03-05 15:05:18] DEBUG projet_fil_rouge.clinique.modele.environnement Robot R-2 ajouté à (250, 500)
[2026-03-05 15:05:18] DEBUG projet_fil_rouge.clinique.modele.environnement Robot R-3 ajouté à (400, 500)
[2026-03-05 15:05:18] INFO Simulation Démarrage de la boucle graphique.
[2026-03-05 15:05:25] INFO Simulation Fin de la simulation.
[2026-03-05 15:05:45] DEBUG projet_fil_rouge.clinique.modele.environnement Robot Ambu-1 ajouté à (100, 150)
[2026-03-05 15:05:45] DEBUG projet_fil_rouge.clinique.modele.environnement Robot R-1 ajouté à (100, 500)
[2026-03-05 15:05:45] DEBUG projet_fil_rouge.clinique.modele.environnement Robot R-2 ajouté à (250, 500)
[2026-03-05 15:05:45] DEBUG projet_fil_rouge.clinique.modele.environnement Robot R-3 ajouté à (400, 500)
[2026-03-05 15:05:46] INFO Simulation Démarrage de la boucle graphique.
[2026-03-05 15:07:56] INFO Simulation Fin de la simulation.
[2026-03-05 15:30:02] DEBUG projet_fil_rouge.clinique.modele.environnement Robot Ambu-1 ajouté à (700, 100)
[2026-03-05 15:30:02] DEBUG projet_fil_rouge.clinique.modele.environnement Robot R-1 ajouté à (100, 500)
[2026-03-05 15:30:02] DEBUG projet_fil_rouge.clinique.modele.environnement Robot R-2 ajouté à (250, 500)
[2026-03-05 15:30:02] DEBUG projet_fil_rouge.clinique.modele.environnement Robot R-3 ajouté à (400, 500)
[2026-03-05 15:30:03] INFO Simulation Démarrage de la boucle graphique.
[2026-03-05 15:32:50] DEBUG projet_fil_rouge.clinique.modele.environnement Robot Ambu-1 ajouté à (700, 100)
[2026-03-05 15:32:50] DEBUG projet_fil_rouge.clinique.modele.environnement Robot R-1 ajouté à (100, 500)
[2026-03-05 15:32:50] DEBUG projet_fil_rouge.clinique.modele.environnement Robot R-2 ajouté à (250, 500)
[2026-03-05 15:32:50] DEBUG projet_fil_rouge.clinique.modele.environnement Robot R-3 ajouté à (400, 500)
[2026-03-05 15:33:29] INFO Simulation Chargement de R-1
[2026-03-05 15:33:58] DEBUG projet_fil_rouge.clinique.modele.environnement Robot R-1 ajouté à (700, 220)
[2026-03-05 15:33:58] INFO Simulation R-1 réparé !
[2026-03-05 15:34:23] INFO Simulation Chargement de R-2
[2026-03-05 15:34:52] DEBUG projet_fil_rouge.clinique.modele.environnement Robot R-2 ajouté à (700, 220)
[2026-03-05 15:34:52] INFO Simulation R-2 réparé !
[2026-03-05 15:35:14] INFO Simulation Chargement de R-3
[2026-03-05 15:35:37] DEBUG projet_fil_rouge.clinique.modele.environnement Robot R-3 ajouté à (700, 220)
[2026-03-05 15:35:37] INFO Simulation R-3 réparé !
[2026-03-05 15:35:42] INFO Simulation Chargement de R-1
[2026-03-05 15:35:47] DEBUG projet_fil_rouge.clinique.modele.environnement Robot R-1 ajouté à (700, 220)
[2026-03-05 15:35:47] INFO Simulation R-1 réparé !
[2026-03-05 15:36:16] INFO Simulation Chargement de R-2
[2026-03-05 15:36:21] DEBUG projet_fil_rouge.clinique.modele.environnement Robot R-2 ajouté à (700, 220)
[2026-03-05 15:36:21] INFO Simulation R-2 réparé !
[2026-03-05 15:36:24] INFO Simulation Chargement de R-3
[2026-03-05 15:36:27] DEBUG projet_fil_rouge.clinique.modele.environnement Robot R-3 ajouté à (700, 220)
[2026-03-05 15:36:27] INFO Simulation R-3 réparé !
[2026-03-05 15:36:31] INFO Simulation Chargement de R-1
[2026-03-05 15:36:34] DEBUG projet_fil_rouge.clinique.modele.environnement Robot R-1 ajouté à (700, 220)
[2026-03-05 15:36:34] INFO Simulation R-1 réparé !
[2026-03-05 15:36:37] INFO Simulation Chargement de R-3
[2026-03-05 15:36:40] DEBUG projet_fil_rouge.clinique.modele.environnement Robot R-3 ajouté à (700, 220)
[2026-03-05 15:36:40] INFO Simulation R-3 réparé !
[2026-03-05 15:36:43] INFO Simulation Chargement de R-1
[2026-03-05 15:36:46] DEBUG projet_fil_rouge.clinique.modele.environnement Robot R-1 ajouté à (700, 220)
[2026-03-05 15:36:46] INFO Simulation R-1 réparé !
[2026-03-05 15:36:47] INFO Simulation Chargement de R-2
[2026-03-05 15:36:48] DEBUG projet_fil_rouge.clinique.modele.environnement Robot R-2 ajouté à (700, 220)
[2026-03-05 15:36:48] INFO Simulation R-2 réparé !
[2026-03-05 15:36:51] INFO Simulation Chargement de R-3
[2026-03-05 15:36:55] DEBUG projet_fil_rouge.clinique.modele.environnement Robot R-3 ajouté à (700, 220)
[2026-03-05 15:36:55] INFO Simulation R-3 réparé !
[2026-03-05 15:36:58] INFO Simulation Chargement de R-1
[2026-03-05 15:37:01] DEBUG projet_fil_rouge.clinique.modele.environnement Robot R-1 ajouté à (700, 220)
[2026-03-05 15:37:01] INFO Simulation R-1 réparé !
[2026-03-05 15:37:04] INFO Simulation Chargement de R-2
[2026-03-05 15:37:07] DEBUG projet_fil_rouge.clinique.modele.environnement Robot R-2 ajouté à (700, 220)
[2026-03-05 15:37:07] INFO Simulation R-2 réparé !
[2026-03-05 15:37:10] INFO Simulation Chargement de R-3
[2026-03-05 15:37:12] DEBUG projet_fil_rouge.clinique.modele.environnement Robot R-3 ajouté à (700, 220)
[2026-03-05 15:37:12] INFO Simulation R-3 réparé !
[2026-03-05 15:37:15] INFO Simulation Chargement de R-1
[2026-03-05 15:37:17] DEBUG projet_fil_rouge.clinique.modele.environnement Robot R-1 ajouté à (700, 220)
[2026-03-05 15:37:17] INFO Simulation R-1 réparé !
[2026-03-05 15:37:21] INFO Simulation Chargement de R-2
[2026-03-05 15:37:24] DEBUG projet_fil_rouge.clinique.modele.environnement Robot R-2 ajouté à (700, 220)
[2026-03-05 15:37:24] INFO Simulation R-2 réparé !
